<?xml version="1.0" encoding="utf-8"?>
<?AutomationStudio Version="4.1.14.40 SP"?>
<Objects>
  <Object
    Path="C:\Users\supervisorio\Documents\miguel_a214_trabalho_final\MiguelA214Projeto\Logical\Package.pkg"
    LogicalPath=""
    Type="Package"
    LastWriteTime="133626873056376091" />
  <Object
    Path="C:\Users\supervisorio\Documents\miguel_a214_trabalho_final\MiguelA214Projeto\Logical\Global.typ"
    LogicalPath="Global.typ"
    Type="File"
    LastWriteTime="133626870899158470"
    Private="false" />
  <Object
    Path="C:\Users\supervisorio\Documents\miguel_a214_trabalho_final\MiguelA214Projeto\Logical\Global.var"
    LogicalPath="Global.var"
    Type="File"
    LastWriteTime="133626974962037438"
    Private="false" />
  <Object
    Path="C:\Users\supervisorio\Documents\miguel_a214_trabalho_final\MiguelA214Projeto\Logical\Libraries\Operator\operator.fun"
    LogicalPath="Libraries.Operator.operator.fun"
    Type="File"
    LastWriteTime="133626870899508292"
    Private="false" />
  <Object
    Path="C:\Users\supervisorio\Documents\miguel_a214_trabalho_final\MiguelA214Projeto\Logical\Libraries\Operator\operator.typ"
    LogicalPath="Libraries.Operator.operator.typ"
    Type="File"
    LastWriteTime="133626870899548273"
    Private="false" />
  <Object
    Path="C:\Users\supervisorio\Documents\miguel_a214_trabalho_final\MiguelA214Projeto\Logical\Libraries\Operator\operator.var"
    LogicalPath="Libraries.Operator.operator.var"
    Type="File"
    LastWriteTime="133626870899578288"
    Private="false" />
  <Object
    Path="C:\Users\supervisorio\Documents\miguel_a214_trabalho_final\MiguelA214Projeto\Logical\Libraries\Operator\Binary.lby"
    LogicalPath="Libraries.Operator"
    Type="Library"
    LastWriteTime="133626870899618229" />
  <Object
    Path="C:\Users\supervisorio\Documents\miguel_a214_trabalho_final\MiguelA214Projeto\Logical\Libraries\Runtime\runtime.fun"
    LogicalPath="Libraries.Runtime.runtime.fun"
    Type="File"
    LastWriteTime="133626870900058011"
    Private="false" />
  <Object
    Path="C:\Users\supervisorio\Documents\miguel_a214_trabalho_final\MiguelA214Projeto\Logical\Libraries\Runtime\runtime.typ"
    LogicalPath="Libraries.Runtime.runtime.typ"
    Type="File"
    LastWriteTime="133626870900097988"
    Private="false" />
  <Object
    Path="C:\Users\supervisorio\Documents\miguel_a214_trabalho_final\MiguelA214Projeto\Logical\Libraries\Runtime\runtime.var"
    LogicalPath="Libraries.Runtime.runtime.var"
    Type="File"
    LastWriteTime="133626870900128026"
    Private="false" />
  <Object
    Path="C:\Users\supervisorio\Documents\miguel_a214_trabalho_final\MiguelA214Projeto\Logical\Libraries\Runtime\Binary.lby"
    LogicalPath="Libraries.Runtime"
    Type="Library"
    LastWriteTime="133626870900167960" />
  <Object
    Path="C:\Users\supervisorio\Documents\miguel_a214_trabalho_final\MiguelA214Projeto\Logical\Libraries\AsTime\astime.fun"
    LogicalPath="Libraries.AsTime.astime.fun"
    Type="File"
    LastWriteTime="133626870900737657"
    Private="false" />
  <Object
    Path="C:\Users\supervisorio\Documents\miguel_a214_trabalho_final\MiguelA214Projeto\Logical\Libraries\AsTime\astime.typ"
    LogicalPath="Libraries.AsTime.astime.typ"
    Type="File"
    LastWriteTime="133626870900767642"
    Private="false" />
  <Object
    Path="C:\Users\supervisorio\Documents\miguel_a214_trabalho_final\MiguelA214Projeto\Logical\Libraries\AsTime\astime.var"
    LogicalPath="Libraries.AsTime.astime.var"
    Type="File"
    LastWriteTime="133626870900797629"
    Private="false" />
  <Object
    Path="C:\Users\supervisorio\Documents\miguel_a214_trabalho_final\MiguelA214Projeto\Logical\Libraries\AsTime\Binary.lby"
    LogicalPath="Libraries.AsTime"
    Type="Library"
    LastWriteTime="133626870900837606" />
  <Object
    Path="C:\Users\supervisorio\Documents\miguel_a214_trabalho_final\MiguelA214Projeto\Logical\Libraries\AsIecCon\AsIecCon.fun"
    LogicalPath="Libraries.AsIecCon.AsIecCon.fun"
    Type="File"
    LastWriteTime="133626870901427451"
    Private="false" />
  <Object
    Path="C:\Users\supervisorio\Documents\miguel_a214_trabalho_final\MiguelA214Projeto\Logical\Libraries\AsIecCon\AsIecCon.typ"
    LogicalPath="Libraries.AsIecCon.AsIecCon.typ"
    Type="File"
    LastWriteTime="133626870901457461"
    Private="false" />
  <Object
    Path="C:\Users\supervisorio\Documents\miguel_a214_trabalho_final\MiguelA214Projeto\Logical\Libraries\AsIecCon\AsIecCon.var"
    LogicalPath="Libraries.AsIecCon.AsIecCon.var"
    Type="File"
    LastWriteTime="133626870901487416"
    Private="false" />
  <Object
    Path="C:\Users\supervisorio\Documents\miguel_a214_trabalho_final\MiguelA214Projeto\Logical\Libraries\AsIecCon\Binary.lby"
    LogicalPath="Libraries.AsIecCon"
    Type="Library"
    LastWriteTime="133626870901517411" />
  <Object
    Path="C:\Users\supervisorio\Documents\miguel_a214_trabalho_final\MiguelA214Projeto\Logical\Libraries\standard\standard.fun"
    LogicalPath="Libraries.standard.standard.fun"
    Type="File"
    LastWriteTime="133626931234511511"
    Private="false" />
  <Object
    Path="C:\Users\supervisorio\Documents\miguel_a214_trabalho_final\MiguelA214Projeto\Logical\Libraries\standard\standard.typ"
    LogicalPath="Libraries.standard.standard.typ"
    Type="File"
    LastWriteTime="133626931234541578"
    Private="false" />
  <Object
    Path="C:\Users\supervisorio\Documents\miguel_a214_trabalho_final\MiguelA214Projeto\Logical\Libraries\standard\standard.var"
    LogicalPath="Libraries.standard.standard.var"
    Type="File"
    LastWriteTime="133626931234611450"
    Private="false" />
  <Object
    Path="C:\Users\supervisorio\Documents\miguel_a214_trabalho_final\MiguelA214Projeto\Logical\Libraries\standard\Binary.lby"
    LogicalPath="Libraries.standard"
    Type="Library"
    LastWriteTime="133626931234651437" />
  <Object
    Path="C:\Users\supervisorio\Documents\miguel_a214_trabalho_final\MiguelA214Projeto\Logical\Libraries\Package.pkg"
    LogicalPath="Libraries"
    Type="Package"
    LastWriteTime="133626931234901514" />
  <Object
    Path="C:\Users\supervisorio\Documents\miguel_a214_trabalho_final\MiguelA214Projeto\Logical\ProjetoMiguelA214\ProjetoMiguelA214Cyclic.st"
    LogicalPath="ProjetoMiguelA214.ProjetoMiguelA214Cyclic.st"
    Type="File"
    LastWriteTime="133629358119071434"
    Private="false" />
  <Object
    Path="C:\Users\supervisorio\Documents\miguel_a214_trabalho_final\MiguelA214Projeto\Logical\ProjetoMiguelA214\ProjetoMiguelA214.typ"
    LogicalPath="ProjetoMiguelA214.ProjetoMiguelA214.typ"
    Type="File"
    LastWriteTime="133626873056286133"
    Private="true" />
  <Object
    Path="C:\Users\supervisorio\Documents\miguel_a214_trabalho_final\MiguelA214Projeto\Logical\ProjetoMiguelA214\ProjetoMiguelA214.var"
    LogicalPath="ProjetoMiguelA214.ProjetoMiguelA214.var"
    Type="File"
    LastWriteTime="133626978847011789"
    Private="true" />
  <Object
    Path="C:\Users\supervisorio\Documents\miguel_a214_trabalho_final\MiguelA214Projeto\Logical\ProjetoMiguelA214\IEC.prg"
    LogicalPath="ProjetoMiguelA214"
    Type="Program"
    LastWriteTime="133626873056356102" />
  <Object
    Path="C:\Users\supervisorio\Documents\miguel_a214_trabalho_final\MiguelA214Projeto\Physical\Config1\Config.pkg"
    LogicalPath="Config1"
    Type="Configuration"
    LastWriteTime="133626871863558778" />
  <Object
    Path="C:\Users\supervisorio\Documents\miguel_a214_trabalho_final\MiguelA214Projeto\Physical\Config1\Hardware.hw"
    LogicalPath="Config1.Hardware.hw"
    Type="File"
    LastWriteTime="133626874297152667"
    Private="false" />
  <Object
    Path="C:\Users\supervisorio\Documents\miguel_a214_trabalho_final\MiguelA214Projeto\Physical\Config1\Hardware.hwl"
    LogicalPath="Config1.Hardware.hwl"
    Type="File"
    LastWriteTime="133626871863099052"
    Private="false" />
  <Object
    Path="C:\Users\supervisorio\Documents\miguel_a214_trabalho_final\MiguelA214Projeto\Physical\Config1\X20CP1583\Cpu.sw"
    LogicalPath="Config1.X20CP1583.Cpu.sw"
    Type="File"
    LastWriteTime="133626931236020908"
    Private="false" />
  <Object
    Path="C:\Users\supervisorio\Documents\miguel_a214_trabalho_final\MiguelA214Projeto\Physical\Config1\X20CP1583\Cpu.per"
    LogicalPath="Config1.X20CP1583.Cpu.per"
    Type="File"
    LastWriteTime="133626870896130049"
    Private="false" />
  <Object
    Path="C:\Users\supervisorio\Documents\miguel_a214_trabalho_final\MiguelA214Projeto\Physical\Config1\X20CP1583\IoMap.iom"
    LogicalPath="Config1.X20CP1583.IoMap.iom"
    Type="File"
    LastWriteTime="133626964644823557"
    Private="false" />
  <Object
    Path="C:\Users\supervisorio\Documents\miguel_a214_trabalho_final\MiguelA214Projeto\Physical\Config1\X20CP1583\PvMap.vvm"
    LogicalPath="Config1.X20CP1583.PvMap.vvm"
    Type="File"
    LastWriteTime="133626870897809163"
    Private="false" />
  <Object
    Path="C:\Users\supervisorio\Documents\miguel_a214_trabalho_final\MiguelA214Projeto\Physical\Config1\X20CP1583\OpcUaMap.uad"
    LogicalPath="Config1.X20CP1583.OpcUaMap.uad"
    Type="File"
    LastWriteTime="133626916088512992"
    Private="false" />
  <Object
    Path="C:\Users\supervisorio\Documents\miguel_a214_trabalho_final\MiguelA214Projeto\Physical\Config1\X20CP1583\Cpu.pkg"
    LogicalPath="Config1.X20CP1583"
    Type="Cpu"
    LastWriteTime="133626880468046909" />
  <Object
    Path="C:\Users\supervisorio\Documents\miguel_a214_trabalho_final\MiguelA214Projeto\Physical\Config1\Hardware.jpg"
    LogicalPath="Config1.Hardware.jpg"
    Type="File"
    LastWriteTime="133626871863538792"
    Private="false" />
  <Object
    Path="C:\Users\supervisorio\Documents\miguel_a214_trabalho_final\MiguelA214Projeto\Logical\Libraries\AsIecCon\SG4\AsIecCon.h"
    LogicalPath="AsIecCon.h"
    Type="File"
    LastWriteTime="131885244240000000"
    Private="false" />
  <Object
    Path="C:\Users\supervisorio\Documents\miguel_a214_trabalho_final\MiguelA214Projeto\Logical\Libraries\AsTime\SG4\AsTime.h"
    LogicalPath="AsTime.h"
    Type="File"
    LastWriteTime="131885244300000000"
    Private="false" />
  <Object
    Path="C:\Users\supervisorio\Documents\miguel_a214_trabalho_final\MiguelA214Projeto\Logical\Libraries\Operator\SG4\Operator.h"
    LogicalPath="Operator.h"
    Type="File"
    LastWriteTime="131885244340000000"
    Private="false" />
  <Object
    Path="C:\Users\supervisorio\Documents\miguel_a214_trabalho_final\MiguelA214Projeto\Logical\Libraries\Runtime\SG4\Runtime.h"
    LogicalPath="Runtime.h"
    Type="File"
    LastWriteTime="131885244340000000"
    Private="false" />
  <Object
    Path="C:\Users\supervisorio\Documents\miguel_a214_trabalho_final\MiguelA214Projeto\Logical\Libraries\standard\SG4\standard.h"
    LogicalPath="standard.h"
    Type="File"
    LastWriteTime="131885244360000000"
    Private="false" />
</Objects>